2024-06-20 16:44:26 0 [Note] Starting MariaDB 10.4.32-MariaDB source revision c4143f909528e3fab0677a28631d10389354c491 as process 21064
2024-06-20 16:44:26 0 [Note] InnoDB: Mutexes and rw_locks use Windows interlocked functions
2024-06-20 16:44:26 0 [Note] InnoDB: Uses event mutexes
2024-06-20 16:44:26 0 [Note] InnoDB: Compressed tables use zlib 1.3
2024-06-20 16:44:26 0 [Note] InnoDB: Number of pools: 1
2024-06-20 16:44:26 0 [Note] InnoDB: Using SSE2 crc32 instructions
2024-06-20 16:44:26 0 [Note] InnoDB: Initializing buffer pool, total size = 16M, instances = 1, chunk size = 16M
2024-06-20 16:44:26 0 [Note] InnoDB: Completed initialization of buffer pool
2024-06-20 16:44:26 0 [Note] InnoDB: Starting crash recovery from checkpoint LSN=300288
2024-06-20 16:44:26 0 [Note] InnoDB: 128 out of 128 rollback segments are active.
2024-06-20 16:44:26 0 [Note] InnoDB: Removed temporary tablespace data file: "ibtmp1"
2024-06-20 16:44:26 0 [Note] InnoDB: Creating shared tablespace for temporary tables
2024-06-20 16:44:26 0 [Note] InnoDB: Setting file 'C:\XAMPP\mysql\data\ibtmp1' size to 12 MB. Physically writing the file full; Please wait ...
2024-06-20 16:44:26 0 [Note] InnoDB: File 'C:\XAMPP\mysql\data\ibtmp1' size is now 12 MB.
2024-06-20 16:44:26 0 [Note] InnoDB: Waiting for purge to start
2024-06-20 16:44:26 0 [Note] InnoDB: 10.4.32 started; log sequence number 300297; transaction id 170
2024-06-20 16:44:26 0 [Note] Plugin 'FEEDBACK' is disabled.
2024-06-20 16:44:26 0 [Note] InnoDB: Loading buffer pool(s) from C:\XAMPP\mysql\data\ib_buffer_pool
2024-06-20 16:44:26 0 [Note] InnoDB: Buffer pool(s) load completed at 240620 16:44:26
2024-06-20 16:44:27 0 [Note] Server socket created on IP: '::'.
2025-01-02 18:44:52 0 [Note] Starting MariaDB 10.4.32-MariaDB source revision c4143f909528e3fab0677a28631d10389354c491 as process 8888
2025-01-02 18:44:52 0 [Note] InnoDB: Mutexes and rw_locks use Windows interlocked functions
2025-01-02 18:44:52 0 [Note] InnoDB: Uses event mutexes
2025-01-02 18:44:52 0 [Note] InnoDB: Compressed tables use zlib 1.3
2025-01-02 18:44:52 0 [Note] InnoDB: Number of pools: 1
2025-01-02 18:44:52 0 [Note] InnoDB: Using SSE2 crc32 instructions
2025-01-02 18:44:52 0 [Note] InnoDB: Initializing buffer pool, total size = 16M, instances = 1, chunk size = 16M
2025-01-02 18:44:52 0 [Note] InnoDB: Completed initialization of buffer pool
2025-01-02 18:44:52 0 [Note] InnoDB: Starting crash recovery from checkpoint LSN=306062
2025-01-02 18:44:52 0 [Note] InnoDB: 128 out of 128 rollback segments are active.
2025-01-02 18:44:52 0 [Note] InnoDB: Removed temporary tablespace data file: "ibtmp1"
2025-01-02 18:44:52 0 [Note] InnoDB: Creating shared tablespace for temporary tables
2025-01-02 18:44:52 0 [Note] InnoDB: Setting file 'C:\XAMPP\mysql\data\ibtmp1' size to 12 MB. Physically writing the file full; Please wait ...
2025-01-02 18:44:52 0 [Note] InnoDB: File 'C:\XAMPP\mysql\data\ibtmp1' size is now 12 MB.
2025-01-02 18:44:52 0 [Note] InnoDB: Waiting for purge to start
2025-01-02 18:44:52 0 [Note] InnoDB: 10.4.32 started; log sequence number 306071; transaction id 203
2025-01-02 18:44:52 0 [Note] InnoDB: Loading buffer pool(s) from C:\XAMPP\mysql\data\ib_buffer_pool
2025-01-02 18:44:52 0 [Note] Plugin 'FEEDBACK' is disabled.
2025-01-02 18:44:52 0 [Note] InnoDB: Buffer pool(s) load completed at 250102 18:44:52
2025-01-02 18:44:52 0 [Note] Server socket created on IP: '::'.
2025-07-14  9:15:17 0 [Note] Starting MariaDB 10.4.32-MariaDB source revision c4143f909528e3fab0677a28631d10389354c491 as process 15584
2025-07-14  9:15:17 0 [Note] InnoDB: Mutexes and rw_locks use Windows interlocked functions
2025-07-14  9:15:17 0 [Note] InnoDB: Uses event mutexes
2025-07-14  9:15:17 0 [Note] InnoDB: Compressed tables use zlib 1.3
2025-07-14  9:15:17 0 [Note] InnoDB: Number of pools: 1
2025-07-14  9:15:17 0 [Note] InnoDB: Using SSE2 crc32 instructions
2025-07-14  9:15:17 0 [Note] InnoDB: Initializing buffer pool, total size = 16M, instances = 1, chunk size = 16M
2025-07-14  9:15:17 0 [Note] InnoDB: Completed initialization of buffer pool
2025-07-14  9:15:17 0 [Note] InnoDB: Starting crash recovery from checkpoint LSN=306080
2025-07-14  9:15:18 0 [Note] InnoDB: 128 out of 128 rollback segments are active.
2025-07-14  9:15:18 0 [Note] InnoDB: Removed temporary tablespace data file: "ibtmp1"
2025-07-14  9:15:18 0 [Note] InnoDB: Creating shared tablespace for temporary tables
2025-07-14  9:15:18 0 [Note] InnoDB: Setting file 'C:\XAMPP\mysql\data\ibtmp1' size to 12 MB. Physically writing the file full; Please wait ...
2025-07-14  9:15:18 0 [Note] InnoDB: File 'C:\XAMPP\mysql\data\ibtmp1' size is now 12 MB.
2025-07-14  9:15:18 0 [Note] InnoDB: Waiting for purge to start
2025-07-14  9:15:18 0 [Note] InnoDB: 10.4.32 started; log sequence number 306089; transaction id 203
2025-07-14  9:15:18 0 [Note] InnoDB: Loading buffer pool(s) from C:\XAMPP\mysql\data\ib_buffer_pool
2025-07-14  9:15:18 0 [Note] Plugin 'FEEDBACK' is disabled.
2025-07-14  9:15:18 0 [Note] InnoDB: Buffer pool(s) load completed at 250714  9:15:18
2025-07-14  9:15:18 0 [Note] Server socket created on IP: '::'.
2025-07-14 10:03:08 0 [Note] Starting MariaDB 10.4.32-MariaDB source revision c4143f909528e3fab0677a28631d10389354c491 as process 13596
2025-07-14 10:03:08 0 [Note] InnoDB: Mutexes and rw_locks use Windows interlocked functions
2025-07-14 10:03:08 0 [Note] InnoDB: Uses event mutexes
2025-07-14 10:03:08 0 [Note] InnoDB: Compressed tables use zlib 1.3
2025-07-14 10:03:08 0 [Note] InnoDB: Number of pools: 1
2025-07-14 10:03:08 0 [Note] InnoDB: Using SSE2 crc32 instructions
2025-07-14 10:03:08 0 [Note] InnoDB: Initializing buffer pool, total size = 16M, instances = 1, chunk size = 16M
2025-07-14 10:03:08 0 [Note] InnoDB: Completed initialization of buffer pool
2025-07-14 10:03:08 0 [Note] InnoDB: Starting crash recovery from checkpoint LSN=306080
2025-07-14 10:03:08 0 [Note] InnoDB: 128 out of 128 rollback segments are active.
2025-07-14 10:03:08 0 [Note] InnoDB: Removed temporary tablespace data file: "ibtmp1"
2025-07-14 10:03:08 0 [Note] InnoDB: Creating shared tablespace for temporary tables
2025-07-14 10:03:08 0 [Note] InnoDB: Setting file 'C:\XAMPP\mysql\data\ibtmp1' size to 12 MB. Physically writing the file full; Please wait ...
2025-07-14 10:03:08 0 [Note] InnoDB: File 'C:\XAMPP\mysql\data\ibtmp1' size is now 12 MB.
2025-07-14 10:03:08 0 [Note] InnoDB: Waiting for purge to start
2025-07-14 10:03:08 0 [Note] InnoDB: 10.4.32 started; log sequence number 306089; transaction id 203
2025-07-14 10:03:08 0 [Note] InnoDB: Loading buffer pool(s) from C:\XAMPP\mysql\data\ib_buffer_pool
2025-07-14 10:03:08 0 [Note] Plugin 'FEEDBACK' is disabled.
2025-07-14 10:03:08 0 [Note] Server socket created on IP: '::'.
2025-07-14 10:16:13 0 [Note] Starting MariaDB 10.4.32-MariaDB source revision c4143f909528e3fab0677a28631d10389354c491 as process 13636
2025-07-14 10:16:13 0 [Note] InnoDB: Mutexes and rw_locks use Windows interlocked functions
2025-07-14 10:16:13 0 [Note] InnoDB: Uses event mutexes
2025-07-14 10:16:13 0 [Note] InnoDB: Compressed tables use zlib 1.3
2025-07-14 10:16:13 0 [Note] InnoDB: Number of pools: 1
2025-07-14 10:16:13 0 [Note] InnoDB: Using SSE2 crc32 instructions
2025-07-14 10:16:13 0 [Note] InnoDB: Initializing buffer pool, total size = 16M, instances = 1, chunk size = 16M
2025-07-14 10:16:13 0 [Note] InnoDB: Completed initialization of buffer pool
2025-07-14 10:16:13 0 [Note] InnoDB: Starting crash recovery from checkpoint LSN=306080
2025-07-14 10:16:13 0 [Note] InnoDB: 128 out of 128 rollback segments are active.
2025-07-14 10:16:13 0 [Note] InnoDB: Removed temporary tablespace data file: "ibtmp1"
2025-07-14 10:16:13 0 [Note] InnoDB: Creating shared tablespace for temporary tables
2025-07-14 10:16:13 0 [Note] InnoDB: Setting file 'C:\Featured\good\data\ibtmp1' size to 12 MB. Physically writing the file full; Please wait ...
2025-07-14 10:16:13 0 [Note] InnoDB: File 'C:\Featured\good\data\ibtmp1' size is now 12 MB.
2025-07-14 10:16:13 0 [Note] InnoDB: Waiting for purge to start
2025-07-14 10:16:13 0 [Note] InnoDB: 10.4.32 started; log sequence number 306089; transaction id 203
2025-07-14 10:16:13 0 [Note] InnoDB: Loading buffer pool(s) from C:\Featured\good\data\ib_buffer_pool
2025-07-14 10:16:13 0 [Note] Plugin 'FEEDBACK' is disabled.
2025-07-14 10:16:13 0 [Note] Server socket created on IP: '::'.
2025-07-14 14:26:40 0 [Note] Starting MariaDB 10.4.32-MariaDB source revision c4143f909528e3fab0677a28631d10389354c491 as process 5960
2025-07-14 14:26:40 0 [Note] InnoDB: Mutexes and rw_locks use Windows interlocked functions
2025-07-14 14:26:40 0 [Note] InnoDB: Uses event mutexes
2025-07-14 14:26:40 0 [Note] InnoDB: Compressed tables use zlib 1.3
2025-07-14 14:26:40 0 [Note] InnoDB: Number of pools: 1
2025-07-14 14:26:40 0 [Note] InnoDB: Using SSE2 crc32 instructions
2025-07-14 14:26:40 0 [Note] InnoDB: Initializing buffer pool, total size = 16M, instances = 1, chunk size = 16M
2025-07-14 14:26:40 0 [Note] InnoDB: Completed initialization of buffer pool
2025-07-14 14:26:40 0 [Note] InnoDB: Starting crash recovery from checkpoint LSN=334574
2025-07-14 14:26:40 0 [Note] InnoDB: 128 out of 128 rollback segments are active.
2025-07-14 14:26:40 0 [Note] InnoDB: Removed temporary tablespace data file: "ibtmp1"
2025-07-14 14:26:40 0 [Note] InnoDB: Creating shared tablespace for temporary tables
2025-07-14 14:26:40 0 [Note] InnoDB: Setting file 'C:\Featured\good\data\ibtmp1' size to 12 MB. Physically writing the file full; Please wait ...
2025-07-14 14:26:40 0 [Note] InnoDB: File 'C:\Featured\good\data\ibtmp1' size is now 12 MB.
2025-07-14 14:26:40 0 [Note] InnoDB: Waiting for purge to start
2025-07-14 14:26:40 0 [Note] InnoDB: 10.4.32 started; log sequence number 334583; transaction id 298
2025-07-14 14:26:40 0 [Note] InnoDB: Loading buffer pool(s) from C:\Featured\good\data\ib_buffer_pool
2025-07-14 14:26:40 0 [Note] Plugin 'FEEDBACK' is disabled.
2025-07-14 14:26:40 0 [Note] InnoDB: Buffer pool(s) load completed at 250714 14:26:40
2025-07-14 14:26:40 0 [Note] Server socket created on IP: '::'.
2025-07-14 14:29:01 0 [Note] Starting MariaDB 10.4.32-MariaDB source revision c4143f909528e3fab0677a28631d10389354c491 as process 6776
2025-07-14 14:29:01 0 [Note] InnoDB: Mutexes and rw_locks use Windows interlocked functions
2025-07-14 14:29:01 0 [Note] InnoDB: Uses event mutexes
2025-07-14 14:29:01 0 [Note] InnoDB: Compressed tables use zlib 1.3
2025-07-14 14:29:01 0 [Note] InnoDB: Number of pools: 1
2025-07-14 14:29:01 0 [Note] InnoDB: Using SSE2 crc32 instructions
2025-07-14 14:29:01 0 [Note] InnoDB: Initializing buffer pool, total size = 16M, instances = 1, chunk size = 16M
2025-07-14 14:29:01 0 [Note] InnoDB: Completed initialization of buffer pool
2025-07-14 14:29:01 0 [Note] InnoDB: Starting crash recovery from checkpoint LSN=334592
2025-07-14 14:29:01 0 [Note] InnoDB: 128 out of 128 rollback segments are active.
2025-07-14 14:29:01 0 [Note] InnoDB: Removed temporary tablespace data file: "ibtmp1"
2025-07-14 14:29:01 0 [Note] InnoDB: Creating shared tablespace for temporary tables
2025-07-14 14:29:01 0 [Note] InnoDB: Setting file 'C:\Featured\good\data\ibtmp1' size to 12 MB. Physically writing the file full; Please wait ...
2025-07-14 14:29:01 0 [Note] InnoDB: File 'C:\Featured\good\data\ibtmp1' size is now 12 MB.
2025-07-14 14:29:01 0 [Note] InnoDB: Waiting for purge to start
2025-07-14 14:29:01 0 [Note] InnoDB: 10.4.32 started; log sequence number 334601; transaction id 298
2025-07-14 14:29:01 0 [Note] InnoDB: Loading buffer pool(s) from C:\Featured\good\data\ib_buffer_pool
2025-07-14 14:29:01 0 [Note] Plugin 'FEEDBACK' is disabled.
2025-07-14 14:29:01 0 [Note] Server socket created on IP: '::'.
2025-07-15  8:58:16 0 [Note] Starting MariaDB 10.4.32-MariaDB source revision c4143f909528e3fab0677a28631d10389354c491 as process 17964
2025-07-15  8:58:17 0 [Note] InnoDB: Mutexes and rw_locks use Windows interlocked functions
2025-07-15  8:58:17 0 [Note] InnoDB: Uses event mutexes
2025-07-15  8:58:17 0 [Note] InnoDB: Compressed tables use zlib 1.3
2025-07-15  8:58:17 0 [Note] InnoDB: Number of pools: 1
2025-07-15  8:58:17 0 [Note] InnoDB: Using SSE2 crc32 instructions
2025-07-15  8:58:17 0 [Note] InnoDB: Initializing buffer pool, total size = 16M, instances = 1, chunk size = 16M
2025-07-15  8:58:17 0 [Note] InnoDB: Completed initialization of buffer pool
2025-07-15  8:58:17 0 [Note] InnoDB: Starting crash recovery from checkpoint LSN=343412
2025-07-15  8:58:17 0 [Note] InnoDB: 128 out of 128 rollback segments are active.
2025-07-15  8:58:17 0 [Note] InnoDB: Removed temporary tablespace data file: "ibtmp1"
2025-07-15  8:58:17 0 [Note] InnoDB: Creating shared tablespace for temporary tables
2025-07-15  8:58:17 0 [Note] InnoDB: Setting file 'C:\Featured\good\data\ibtmp1' size to 12 MB. Physically writing the file full; Please wait ...
2025-07-15  8:58:17 0 [Note] InnoDB: File 'C:\Featured\good\data\ibtmp1' size is now 12 MB.
2025-07-15  8:58:17 0 [Note] InnoDB: Waiting for purge to start
2025-07-15  8:58:17 0 [Note] InnoDB: 10.4.32 started; log sequence number 343421; transaction id 358
2025-07-15  8:58:17 0 [Note] InnoDB: Loading buffer pool(s) from C:\Featured\good\data\ib_buffer_pool
2025-07-15  8:58:17 0 [Note] Plugin 'FEEDBACK' is disabled.
2025-07-15  8:58:17 0 [Note] InnoDB: Buffer pool(s) load completed at 250715  8:58:17
2025-07-15  8:58:17 0 [Note] Server socket created on IP: '::'.
